[2019-01-24 14:52:29.012] [exthost] [info] extension host started
[2019-01-24 14:52:29.053] [exthost] [info] ExtensionService#_doActivateExtension vscode.debug-auto-launch {"startup":true,"activationEvent":"*"}
[2019-01-24 14:52:29.053] [exthost] [info] ExtensionService#loadCommonJSModule /usr/share/code/resources/app/extensions/debug-auto-launch/dist/extension
[2019-01-24 14:52:29.062] [exthost] [info] ExtensionService#_doActivateExtension vscode.emmet {"startup":true,"activationEvent":"*"}
[2019-01-24 14:52:29.062] [exthost] [info] ExtensionService#loadCommonJSModule /usr/share/code/resources/app/extensions/emmet/dist/extension
[2019-01-24 14:52:29.088] [exthost] [info] ExtensionService#_doActivateExtension vscode.git {"startup":true,"activationEvent":"*"}
[2019-01-24 14:52:29.088] [exthost] [info] ExtensionService#loadCommonJSModule /usr/share/code/resources/app/extensions/git/dist/main
[2019-01-24 14:52:29.280] [exthost] [info] ExtensionService#_doActivateExtension vscode.merge-conflict {"startup":true,"activationEvent":"*"}
[2019-01-24 14:52:29.280] [exthost] [info] ExtensionService#loadCommonJSModule /usr/share/code/resources/app/extensions/merge-conflict/dist/extension
[2019-01-24 14:52:29.289] [exthost] [info] ExtensionService#_doActivateExtension christian-kohler.path-intellisense {"startup":true,"activationEvent":"*"}
[2019-01-24 14:52:29.289] [exthost] [info] ExtensionService#loadCommonJSModule /home/vaxosv/.vscode/extensions/christian-kohler.path-intellisense-1.4.2/out/src/extension
[2019-01-24 14:52:29.305] [exthost] [info] ExtensionService#_doActivateExtension dbaeumer.vscode-eslint {"startup":true,"activationEvent":"*"}
[2019-01-24 14:52:29.305] [exthost] [info] ExtensionService#loadCommonJSModule /home/vaxosv/.vscode/extensions/dbaeumer.vscode-eslint-1.8.0/client/out/extension
[2019-01-24 14:52:29.410] [exthost] [info] ExtensionService#_doActivateExtension esbenp.prettier-vscode {"startup":true,"activationEvent":"*"}
[2019-01-24 14:52:29.410] [exthost] [info] ExtensionService#loadCommonJSModule /home/vaxosv/.vscode/extensions/esbenp.prettier-vscode-1.7.3/out/src/extension
[2019-01-24 14:52:29.680] [exthost] [info] ExtensionService#_doActivateExtension ms-vscode.sublime-keybindings {"startup":true,"activationEvent":"*"}
[2019-01-24 14:52:29.680] [exthost] [info] ExtensionService#loadCommonJSModule /home/vaxosv/.vscode/extensions/ms-vscode.sublime-keybindings-4.0.0/out/extension
[2019-01-24 14:52:29.690] [exthost] [info] ExtensionService#_doActivateExtension PKief.material-icon-theme {"startup":true,"activationEvent":"*"}
[2019-01-24 14:52:29.690] [exthost] [info] ExtensionService#loadCommonJSModule /home/vaxosv/.vscode/extensions/pkief.material-icon-theme-3.6.2/out/src/extension
[2019-01-24 14:52:29.736] [exthost] [info] ExtensionService#_doActivateExtension ritwickdey.LiveServer {"startup":true,"activationEvent":"*"}
[2019-01-24 14:52:29.736] [exthost] [info] ExtensionService#loadCommonJSModule /home/vaxosv/.vscode/extensions/ritwickdey.liveserver-5.3.1/out/src/extension
[2019-01-24 14:52:30.248] [exthost] [info] ExtensionService#_doActivateExtension Shan.code-settings-sync {"startup":true,"activationEvent":"*"}
[2019-01-24 14:52:30.248] [exthost] [info] ExtensionService#loadCommonJSModule /home/vaxosv/.vscode/extensions/shan.code-settings-sync-3.2.4/out/extension.js
[2019-01-24 14:52:30.409] [exthost] [info] eager extensions activated
